2012-3-12 10:51:49|Mozilla/5.0 (X11; U; Linux x86_64; en-US; rv:1.9.2.17) Gecko/20110420 SUSE/3.6.17-0.2.1 Firefox/3.6.17
2012-3-12 10:52:25|Mozilla/5.0 (X11; U; Linux x86_64; en-US; rv:1.9.2.17) Gecko/20110420 SUSE/3.6.17-0.2.1 Firefox/3.6.17
2012-5-22 15:25:1|Mozilla/5.0 (Windows NT 6.1; rv:12.0) Gecko/20100101 Firefox/12.0
2012-5-22 15:52:22|Mozilla/4.0 (compatible; MSIE 8.0; Windows NT 5.1; Trident/4.0; GTB7.3; .NET CLR 2.0.50727; .NET CLR 3.0.4506.2152; .NET CLR 3.5.30729; InfoPath.3; BRI/2)
2012-5-22 16:26:38|Mozilla/4.0 (compatible; MSIE 8.0; Windows NT 5.1; Trident/4.0; GTB7.3; .NET CLR 2.0.50727; .NET CLR 3.0.4506.2152; .NET CLR 3.5.30729; InfoPath.3; BRI/2)
2012-5-22 17:7:55|Mozilla/4.0 (compatible; MSIE 8.0; Windows NT 5.1; Trident/4.0; .NET CLR 1.1.4322; .NET CLR 2.0.50727)
2012-5-22 17:8:26|Mozilla/4.0 (compatible; MSIE 8.0; Windows NT 5.1; Trident/4.0; .NET CLR 1.1.4322; .NET CLR 2.0.50727)
2012-5-25 19:14:25|Mozilla/5.0 (Windows NT 6.0) AppleWebKit/534.30 (KHTML, like Gecko) Chrome/12.0.742.100 Safari/534.30
2012-6-26 21:41:55|Mozilla/5.0 (X11; Linux x86_64; rv:7.0.1) Gecko/20100101 Firefox/7.0.1
2012-9-28 16:14:41|Mozilla/5.0 (X11; Linux x86_64) AppleWebKit/537.4 (KHTML, like Gecko) Chrome/22.0.1229.79 Safari/537.4
2013-3-17 17:30:50|Mozilla/5.0 (Linux; U; Android 2.3.4; en-us; SonyEricssonSK17iv Build/4.0.2.A.0.62) AppleWebKit/533.1 (KHTML, like Gecko) Version/4.0 Mobile Safari/533.1
2013-3-17 17:30:50|Mozilla/5.0 (Linux; U; Android 2.3.4; en-us; SonyEricssonSK17iv Build/4.0.2.A.0.62) AppleWebKit/533.1 (KHTML, like Gecko) Version/4.0 Mobile Safari/533.1
2013-7-9 16:17:32|Mozilla/5.0 (compatible; MSIE 9.0; Windows NT 6.1; Win64; x64; Trident/5.0)
2013-7-17 17:28:5|Mozilla/5.0 (compatible; MSIE 9.0; Windows NT 6.1; Win64; x64; Trident/5.0)
2013-11-15 19:1:28|Mozilla/5.0 (X11; Linux x86_64; rv:7.0.1) Gecko/20100101 Firefox/7.0.1
2013-11-22 15:21:47|Mozilla/5.0 (X11; U; Linux x86_64; en-US; rv:1.9.2.17) Gecko/20110420 SUSE/3.6.17-0.2.1 Firefox/3.6.17
2013-11-23 10:54:57|Mozilla/5.0 (compatible; MSIE 10.0; Windows Phone 8.0; Trident/6.0; IEMobile/10.0; ARM; Touch; NOKIA; Lumia 620)
2013-11-28 10:30:55|Mozilla/5.0 (Linux; U; Android 2.3.4; en-us; SonyEricssonSK17iv Build/4.0.2.A.0.62) AppleWebKit/533.1 (KHTML, like Gecko) Version/4.0 Mobile Safari/533.1
2013-11-28 10:30:56|Mozilla/5.0 (Linux; U; Android 2.3.4; en-us; SonyEricssonSK17iv Build/4.0.2.A.0.62) AppleWebKit/533.1 (KHTML, like Gecko) Version/4.0 Mobile Safari/533.1
2013-11-28 11:51:9|Mozilla/5.0 (X11; U; Linux x86_64; en-US; rv:1.9.2.17) Gecko/20110420 SUSE/3.6.17-0.2.1 Firefox/3.6.17
2013-11-28 11:51:11|Mozilla/5.0 (X11; U; Linux x86_64; en-US; rv:1.9.2.17) Gecko/20110420 SUSE/3.6.17-0.2.1 Firefox/3.6.17
2013-12-12 11:19:32|Mozilla/5.0 (X11; Linux x86_64; rv:7.0.1) Gecko/20100101 Firefox/7.0.1
2014-1-7 8:2:20|Mozilla/5.0 (compatible; MSIE 10.0; Windows Phone 8.0; Trident/6.0; IEMobile/10.0; ARM; Touch; NOKIA; Lumia 620)
2014-1-7 14:30:58|Mozilla/5.0 (compatible; MSIE 10.0; Windows Phone 8.0; Trident/6.0; IEMobile/10.0; ARM; Touch; NOKIA; Lumia 620)
2014-1-12 7:31:58|Mozilla/5.0 (compatible; MSIE 10.0; Windows Phone 8.0; Trident/6.0; IEMobile/10.0; ARM; Touch; NOKIA; Lumia 620)
2014-1-17 9:57:0|Mozilla/5.0 (Linux; U; Android 2.3.4; en-us; SonyEricssonSK17iv Build/4.0.2.A.0.62) AppleWebKit/533.1 (KHTML, like Gecko) Version/4.0 Mobile Safari/533.1
2014-1-17 9:57:1|Mozilla/5.0 (Linux; U; Android 2.3.4; en-us; SonyEricssonSK17iv Build/4.0.2.A.0.62) AppleWebKit/533.1 (KHTML, like Gecko) Version/4.0 Mobile Safari/533.1
2014-3-24 15:55:10|Mozilla/5.0 (Linux; Android 4.2.2; de-de; SAMSUNG GT-I9195 Build/JDQ39) AppleWebKit/535.19 (KHTML, like Gecko) Version/1.0 Chrome/18.0.1025.308 Mobile Safari/535.19
2014-3-24 15:55:11|Mozilla/5.0 (Linux; Android 4.2.2; de-de; SAMSUNG GT-I9195 Build/JDQ39) AppleWebKit/535.19 (KHTML, like Gecko) Version/1.0 Chrome/18.0.1025.308 Mobile Safari/535.19
2014-3-24 16:21:43|Mozilla/5.0 (Linux; U; Android 4.1.2; de-at; GT-I9100 Build/JZO54K) AppleWebKit/534.30 (KHTML, like Gecko) Version/4.0 Mobile Safari/534.30
2014-3-24 16:21:45|Mozilla/5.0 (Linux; U; Android 4.1.2; de-at; GT-I9100 Build/JZO54K) AppleWebKit/534.30 (KHTML, like Gecko) Version/4.0 Mobile Safari/534.30
2014-3-24 17:26:25|Mozilla/5.0 (Linux; Android 4.2.2; C2105 Build/15.3.A.1.14) AppleWebKit/537.36 (KHTML, like Gecko) Chrome/33.0.1750.166 Mobile Safari/537.36
2014-3-24 17:26:26|Mozilla/5.0 (Linux; Android 4.2.2; C2105 Build/15.3.A.1.14) AppleWebKit/537.36 (KHTML, like Gecko) Chrome/33.0.1750.166 Mobile Safari/537.36
2014-3-24 20:55:29|Mozilla/5.0 (Linux; Android 4.2.2; de-de; SAMSUNG GT-I9195 Build/JDQ39) AppleWebKit/535.19 (KHTML, like Gecko) Version/1.0 Chrome/18.0.1025.308 Mobile Safari/535.19
2014-3-24 20:55:30|Mozilla/5.0 (Linux; Android 4.2.2; de-de; SAMSUNG GT-I9195 Build/JDQ39) AppleWebKit/535.19 (KHTML, like Gecko) Version/1.0 Chrome/18.0.1025.308 Mobile Safari/535.19
2014-3-25 8:5:20|Mozilla/5.0 (iPad; CPU OS 7_1 like Mac OS X) AppleWebKit/537.51.2 (KHTML, like Gecko) Version/7.0 Mobile/11D167 Safari/9537.53
2014-3-25 11:39:36|Mozilla/5.0 (iPhone; CPU iPhone OS 7_0_3 like Mac OS X) AppleWebKit/537.51.1 (KHTML, like Gecko) Version/7.0 Mobile/11B511 Safari/9537.53
2014-4-9 17:2:45|Mozilla/5.0 (Android; Mobile; rv:28.0) Gecko/28.0 Firefox/28.0
2014-5-6 14:49:24|Mozilla/5.0 (iPhone; CPU iPhone OS 7_0_3 like Mac OS X) AppleWebKit/537.51.1 (KHTML, like Gecko) Version/7.0 Mobile/11B511 Safari/9537.53
2014-5-15 14:49:27|Mozilla/5.0 (iPhone; CPU iPhone OS 7_0_3 like Mac OS X) AppleWebKit/537.51.1 (KHTML, like Gecko) Version/7.0 Mobile/11B511 Safari/9537.53
2014-6-9 20:25:26|Mozilla/5.0 (iPad; CPU OS 6_1_3 like Mac OS X) AppleWebKit/536.26 (KHTML, like Gecko) Version/6.0 Mobile/10B329 Safari/8536.25
2014-6-9 20:25:28|Mozilla/5.0 (iPad; CPU OS 6_1_3 like Mac OS X) AppleWebKit/536.26 (KHTML, like Gecko) Version/6.0 Mobile/10B329 Safari/8536.25
2014-7-19 22:55:27|Mozilla/5.0 (compatible; Googlebot/2.1; +http://www.google.com/bot.html)
2014-8-6 22:54:57|Mozilla/5.0 (iPad; U; CPU OS 5_0_1 like Mac OS X; en-us) AppleWebKit/531.21.10 (KHTML, like Gecko) Version/4.0.4 Mobile/7B334b Safari/531.21.10
2014-8-6 22:54:58|Mozilla/5.0 (iPad; U; CPU OS 5_0_1 like Mac OS X; en-us) AppleWebKit/531.21.10 (KHTML, like Gecko) Version/4.0.4 Mobile/7B334b Safari/531.21.10
2014-8-20 21:7:4|Mozilla/5.0 (iPad; CPU OS 7_1_2 like Mac OS X) AppleWebKit/537.51.2 (KHTML, like Gecko) Version/7.0 Mobile/11D257 Safari/9537.53
2014-9-8 4:31:3|Mozilla/5.0 (iPhone; CPU iPhone OS 7_1_2 like Mac OS X) AppleWebKit/537.51.2 (KHTML, like Gecko) Version/7.0 Mobile/11D257 Safari/9537.53
2014-9-9 4:2:52|Mozilla/5.0 (compatible; Googlebot/2.1; +http://www.google.com/bot.html)
2014-10-6 22:17:29|Mozilla/5.0 (iPhone; CPU iPhone OS 7_1_1 like Mac OS X) AppleWebKit/537.51.2 (KHTML, like Gecko) Version/7.0 Mobile/11D201 Safari/9537.53
2014-12-2 20:24:20|Mozilla/5.0 (Linux; Android 4.4.2; de-at; SAMSUNG SM-G900F/G900FXXU1ANH6 Build/KOT49H) AppleWebKit/537.36 (KHTML, like Gecko) Version/1.6 Chrome/28.0.1500.94 Mobile Safari/537.36
2014-12-2 20:24:22|Mozilla/5.0 (Linux; Android 4.4.2; de-at; SAMSUNG SM-G900F/G900FXXU1ANH6 Build/KOT49H) AppleWebKit/537.36 (KHTML, like Gecko) Version/1.6 Chrome/28.0.1500.94 Mobile Safari/537.36
2015-2-2 19:27:44|Mozilla/5.0 (Linux; Android 4.4.2; GT-I9195 Build/KOT49H) AppleWebKit/537.36 (KHTML, like Gecko) Chrome/40.0.2214.89 Mobile Safari/537.36
2015-2-2 19:27:46|Mozilla/5.0 (Linux; Android 4.4.2; GT-I9195 Build/KOT49H) AppleWebKit/537.36 (KHTML, like Gecko) Chrome/40.0.2214.89 Mobile Safari/537.36
2015-2-2 19:28:11|Mozilla/5.0 (Linux; Android 4.4.2; GT-I9195 Build/KOT49H) AppleWebKit/537.36 (KHTML, like Gecko) Chrome/40.0.2214.89 Mobile Safari/537.36
2015-2-2 19:28:12|Mozilla/5.0 (Linux; Android 4.4.2; GT-I9195 Build/KOT49H) AppleWebKit/537.36 (KHTML, like Gecko) Chrome/40.0.2214.89 Mobile Safari/537.36
2015-2-3 7:13:2|Mozilla/5.0 (compatible; Googlebot/2.1; +http://www.google.com/bot.html)
2015-2-23 10:51:49|Mozilla/5.0 (iPhone; CPU iPhone OS 8_1_2 like Mac OS X) AppleWebKit/600.1.4 (KHTML, like Gecko) Version/8.0 Mobile/12B440 Safari/600.1.4
2015-2-24 15:55:19|Mozilla/5.0 (Linux; Android 4.4.2; de-at; SAMSUNG GT-I9505 Build/KOT49H) AppleWebKit/537.36 (KHTML, like Gecko) Version/1.5 Chrome/28.0.1500.94 Mobile Safari/537.36
2015-2-24 15:55:20|Mozilla/5.0 (Linux; Android 4.4.2; de-at; SAMSUNG GT-I9505 Build/KOT49H) AppleWebKit/537.36 (KHTML, like Gecko) Version/1.5 Chrome/28.0.1500.94 Mobile Safari/537.36
2015-3-2 16:45:48|Mozilla/5.0 (Linux; Android 4.4.4; D5803 Build/23.0.1.A.5.77) AppleWebKit/537.36 (KHTML, like Gecko) Chrome/40.0.2214.109 Mobile Safari/537.36
2015-3-2 16:45:49|Mozilla/5.0 (Linux; Android 4.4.4; D5803 Build/23.0.1.A.5.77) AppleWebKit/537.36 (KHTML, like Gecko) Chrome/40.0.2214.109 Mobile Safari/537.36
2015-3-2 17:58:34|Mozilla/5.0 (iPhone; CPU iPhone OS 7_1_2 like Mac OS X) AppleWebKit/537.51.2 (KHTML, like Gecko) Version/7.0 Mobile/11D257 Safari/9537.53
2015-3-5 16:25:11|Mozilla/5.0 (Linux; Android 4.4.2; de-at; SAMSUNG GT-I9515 Build/KOT49H) AppleWebKit/537.36 (KHTML, like Gecko) Version/1.5 Chrome/28.0.1500.94 Mobile Safari/537.36
2015-3-5 16:25:12|Mozilla/5.0 (Linux; Android 4.4.2; de-at; SAMSUNG GT-I9515 Build/KOT49H) AppleWebKit/537.36 (KHTML, like Gecko) Version/1.5 Chrome/28.0.1500.94 Mobile Safari/537.36
2015-3-7 13:7:38|Mozilla/5.0 (compatible; Googlebot/2.1; +http://www.google.com/bot.html)
2015-3-7 21:11:43|Mozilla/5.0 (iPhone; CPU iPhone OS 7_1_2 like Mac OS X) AppleWebKit/537.51.2 (KHTML, like Gecko) Version/7.0 Mobile/11D257 Safari/9537.53
2015-3-9 10:11:50|Mozilla/5.0 (Linux; Android 4.4.2; de-at; SAMSUNG GT-I9505 Build/KOT49H) AppleWebKit/537.36 (KHTML, like Gecko) Version/1.5 Chrome/28.0.1500.94 Mobile Safari/537.36
2015-3-9 10:11:58|Mozilla/5.0 (Linux; Android 4.4.2; de-at; SAMSUNG GT-I9505 Build/KOT49H) AppleWebKit/537.36 (KHTML, like Gecko) Version/1.5 Chrome/28.0.1500.94 Mobile Safari/537.36
2015-3-11 20:23:14|Mozilla/5.0 (iPad; CPU OS 8_2 like Mac OS X) AppleWebKit/600.1.4 (KHTML, like Gecko) Version/8.0 Mobile/12D508 Safari/600.1.4
2015-3-18 11:22:15|Mozilla/5.0 (Mobile; Windows Phone 8.1; Android 4.0; ARM; Trident/7.0; Touch; rv:11.0; IEMobile/11.0; HTC; Windows Phone 8X by HTC; 5.20.162.01) like iPhone OS 7_0_3 Mac OS X AppleWebKit/537 (KHTML, like Gecko) Mobile Safari/537
2015-3-24 13:28:33|Mozilla/5.0 (Linux; Android 4.4.2; de-at; SAMSUNG GT-I9301I Build/KOT49H) AppleWebKit/537.36 (KHTML, like Gecko) Version/1.5 Chrome/28.0.1500.94 Mobile Safari/537.36
2015-3-24 13:28:34|Mozilla/5.0 (Linux; Android 4.4.2; de-at; SAMSUNG GT-I9301I Build/KOT49H) AppleWebKit/537.36 (KHTML, like Gecko) Version/1.5 Chrome/28.0.1500.94 Mobile Safari/537.36
2015-6-22 15:1:30|Mozilla/5.0 (iPad; CPU OS 8_1 like Mac OS X) AppleWebKit/600.1.4 (KHTML, like Gecko) Version/8.0 Mobile/12B410 Safari/600.1.4
2015-6-28 11:37:36|Mozilla/5.0 (compatible; Googlebot/2.1; +http://www.google.com/bot.html)
2015-6-28 11:59:44|Mozilla/5.0 (Linux; U; Android 2.3.4; en-us; SonyEricssonSK17iv Build/4.0.2.A.0.62) AppleWebKit/533.1 (KHTML, like Gecko) Version/4.0 Mobile Safari/533.1
2015-6-28 11:59:45|Mozilla/5.0 (Linux; U; Android 2.3.4; en-us; SonyEricssonSK17iv Build/4.0.2.A.0.62) AppleWebKit/533.1 (KHTML, like Gecko) Version/4.0 Mobile Safari/533.1
2015-8-20 16:19:50|Mozilla/5.0 (Linux; Android 4.4.2; SM-T535 Build/KOT49H) AppleWebKit/537.36 (KHTML, like Gecko) Chrome/43.0.2357.93 Safari/537.36
2015-8-20 16:19:52|Mozilla/5.0 (Linux; Android 4.4.2; SM-T535 Build/KOT49H) AppleWebKit/537.36 (KHTML, like Gecko) Chrome/43.0.2357.93 Safari/537.36
2015-8-29 14:13:9|Mozilla/5.0 (compatible; Googlebot/2.1; +http://www.google.com/bot.html)
2015-9-9 10:28:6|Mozilla/5.0 (Linux; Android 5.0; LG-D855 Build/LRX21R.A1439892504) AppleWebKit/537.36 (KHTML, like Gecko) Chrome/45.0.2454.84 Mobile Safari/537.36
2015-9-9 10:28:9|Mozilla/5.0 (Linux; Android 5.0; LG-D855 Build/LRX21R.A1439892504) AppleWebKit/537.36 (KHTML, like Gecko) Chrome/45.0.2454.84 Mobile Safari/537.36
2015-9-9 13:20:22|Mozilla/5.0 (Linux; Android 5.0; LG-D855 Build/LRX21R.A1439892504) AppleWebKit/537.36 (KHTML, like Gecko) Chrome/45.0.2454.84 Mobile Safari/537.36
2015-9-9 13:20:27|Mozilla/5.0 (Linux; Android 5.0; LG-D855 Build/LRX21R.A1439892504) AppleWebKit/537.36 (KHTML, like Gecko) Chrome/45.0.2454.84 Mobile Safari/537.36
2015-9-29 19:16:18|Mozilla/5.0 (Android 5.0; Mobile; rv:41.0) Gecko/41.0 Firefox/41.0
2015-9-29 19:19:39|Mozilla/5.0 (Android 5.0; Mobile; rv:41.0) Gecko/41.0 Firefox/41.0
2015-9-29 19:30:43|Mozilla/5.0 (Android 5.0; Mobile; rv:41.0) Gecko/41.0 Firefox/41.0
2015-9-30 11:50:1|Mozilla/5.0 (Android 5.0; Mobile; rv:41.0) Gecko/41.0 Firefox/41.0
2015-10-7 12:40:6|Mozilla/5.0 (iPhone; CPU iPhone OS 7_1_2 like Mac OS X) AppleWebKit/537.51.2 (KHTML, like Gecko) Version/7.0 Mobile/11D257 Safari/9537.53
2015-10-9 8:44:4|Mozilla/5.0 (Linux; Android 4.4.2; SM-T535 Build/KOT49H) AppleWebKit/537.36 (KHTML, like Gecko) Chrome/43.0.2357.93 Safari/537.36
2015-10-9 8:44:5|Mozilla/5.0 (Linux; Android 4.4.2; SM-T535 Build/KOT49H) AppleWebKit/537.36 (KHTML, like Gecko) Chrome/43.0.2357.93 Safari/537.36
2015-10-9 8:44:13|Mozilla/5.0 (Linux; Android 4.4.2; SM-T535 Build/KOT49H) AppleWebKit/537.36 (KHTML, like Gecko) Chrome/43.0.2357.93 Safari/537.36
2015-10-17 14:1:39|Mozilla/5.0 (Linux; Android 4.2.2; hu-hu; SAMSUNG GT-I9192 Build/JDQ39) AppleWebKit/535.19 (KHTML, like Gecko) Version/1.0 Chrome/18.0.1025.308 Mobile Safari/535.19
2015-10-17 14:1:40|Mozilla/5.0 (Linux; Android 4.2.2; hu-hu; SAMSUNG GT-I9192 Build/JDQ39) AppleWebKit/535.19 (KHTML, like Gecko) Version/1.0 Chrome/18.0.1025.308 Mobile Safari/535.19
2015-12-21 18:35:7|Mozilla/5.0 (Mobile; Windows Phone 8.1; Android 4.0; ARM; Trident/7.0; Touch; rv:11.0; IEMobile/11.0; NOKIA; Lumia 930) like iPhone OS 7_0_3 Mac OS X AppleWebKit/537 (KHTML, like Gecko) Mobile Safari/537
2016-2-10 3:16:23|Mozilla/5.0 (iPhone; CPU iPhone OS 8_3 like Mac OS X) AppleWebKit/600.1.4 (KHTML, like Gecko) Version/8.0 Mobile/12F70 Safari/600.1.4 (compatible; Googlebot/2.1; +http://www.google.com/bot.html)
2016-2-21 0:9:37|Mozilla/5.0 (iPhone; CPU iPhone OS 9_2_1 like Mac OS X) AppleWebKit/601.1 (KHTML, like Gecko) CriOS/48.0.2564.104 Mobile/13D15 Safari/601.1.46
2016-2-21 0:9:38|Mozilla/5.0 (iPhone; CPU iPhone OS 9_2_1 like Mac OS X) AppleWebKit/601.1 (KHTML, like Gecko) CriOS/48.0.2564.104 Mobile/13D15 Safari/601.1.46
2016-2-21 0:9:42|Mozilla/5.0 (iPhone; CPU iPhone OS 9_2_1 like Mac OS X) AppleWebKit/601.1 (KHTML, like Gecko) CriOS/48.0.2564.104 Mobile/13D15 Safari/601.1.46
2016-3-16 5:45:38|Mozilla/5.0 (compatible; Googlebot/2.1; +http://www.google.com/bot.html)
2016-4-15 10:6:45|Mozilla/5.0 (Linux; Android 5.0.2; SM-A500FU Build/LRX22G) AppleWebKit/537.36 (KHTML, like Gecko) Chrome/49.0.2623.105 Mobile Safari/537.36
2016-4-15 10:6:46|Mozilla/5.0 (Linux; Android 5.0.2; SM-A500FU Build/LRX22G) AppleWebKit/537.36 (KHTML, like Gecko) Chrome/49.0.2623.105 Mobile Safari/537.36
2016-6-25 6:10:57|Mozilla/5.0 (Linux; Android 4.4.2; Hol-U19 Build/HUAWEIHol-U19) AppleWebKit/537.36 (KHTML, like Gecko) Chrome/51.0.2704.81 Mobile Safari/537.36
2016-6-25 6:10:58|Mozilla/5.0 (Linux; Android 4.4.2; Hol-U19 Build/HUAWEIHol-U19) AppleWebKit/537.36 (KHTML, like Gecko) Chrome/51.0.2704.81 Mobile Safari/537.36
2016-6-26 11:13:0|Mozilla/5.0 (Linux; Android 4.4.2; Hol-U19 Build/HUAWEIHol-U19) AppleWebKit/537.36 (KHTML, like Gecko) Chrome/51.0.2704.81 Mobile Safari/537.36
2016-6-26 11:13:1|Mozilla/5.0 (Linux; Android 4.4.2; Hol-U19 Build/HUAWEIHol-U19) AppleWebKit/537.36 (KHTML, like Gecko) Chrome/51.0.2704.81 Mobile Safari/537.36
2016-7-30 10:19:43|Mozilla/5.0 (Linux; Android 6.0.1; E5823 Build/32.2.A.0.224) AppleWebKit/537.36 (KHTML, like Gecko) Chrome/49.0.2623.91 Mobile Safari/537.36
2016-7-30 10:19:44|Mozilla/5.0 (Linux; Android 6.0.1; E5823 Build/32.2.A.0.224) AppleWebKit/537.36 (KHTML, like Gecko) Chrome/49.0.2623.91 Mobile Safari/537.36
2016-7-30 10:20:35|Mozilla/5.0 (Linux; Android 6.0.1; E5823 Build/32.2.A.0.224) AppleWebKit/537.36 (KHTML, like Gecko) Chrome/49.0.2623.91 Mobile Safari/537.36
2016-7-30 10:20:46|Mozilla/5.0 (Linux; Android 6.0.1; E5823 Build/32.2.A.0.224) AppleWebKit/537.36 (KHTML, like Gecko) Chrome/49.0.2623.91 Mobile Safari/537.36
2016-7-30 18:5:40|Mozilla/5.0 (Linux; Android 6.0.1; E5823 Build/32.2.A.0.224) AppleWebKit/537.36 (KHTML, like Gecko) Chrome/49.0.2623.91 Mobile Safari/537.36
2016-7-30 18:5:45|Mozilla/5.0 (Linux; Android 6.0.1; E5823 Build/32.2.A.0.224) AppleWebKit/537.36 (KHTML, like Gecko) Chrome/49.0.2623.91 Mobile Safari/537.36
2016-8-26 21:45:45|Mozilla/5.0 (iPad; CPU OS 9_3_4 like Mac OS X) AppleWebKit/601.1 (KHTML, like Gecko) CriOS/52.0.2743.84 Mobile/13G35 Safari/601.1.46
2016-8-26 21:45:46|Mozilla/5.0 (iPad; CPU OS 9_3_4 like Mac OS X) AppleWebKit/601.1 (KHTML, like Gecko) CriOS/52.0.2743.84 Mobile/13G35 Safari/601.1.46
2016-9-4 6:36:17|Mozilla/5.0 (Linux; Android 6.0.1; E5823 Build/32.2.A.0.253) AppleWebKit/537.36 (KHTML, like Gecko) Chrome/49.0.2623.91 Mobile Safari/537.36
2016-9-4 6:36:25|Mozilla/5.0 (Linux; Android 6.0.1; E5823 Build/32.2.A.0.253) AppleWebKit/537.36 (KHTML, like Gecko) Chrome/49.0.2623.91 Mobile Safari/537.36
2016-9-4 6:36:42|Mozilla/5.0 (Linux; Android 6.0.1; E5823 Build/32.2.A.0.253) AppleWebKit/537.36 (KHTML, like Gecko) Chrome/49.0.2623.91 Mobile Safari/537.36
2016-9-4 6:36:49|Mozilla/5.0 (Linux; Android 6.0.1; E5823 Build/32.2.A.0.253) AppleWebKit/537.36 (KHTML, like Gecko) Chrome/49.0.2623.91 Mobile Safari/537.36
2016-10-24 19:53:19|Mozilla/5.0 (X11; Linux x86_64; rv:49.0) Gecko/20100101 Firefox/49.0
2016-11-16 17:15:12|Mozilla/5.0 (Linux; Android 6.0.1; SAMSUNG SM-G900F/XXS1CPJA Build/MMB29M) AppleWebKit/537.36 (KHTML, like Gecko) SamsungBrowser/4.0 Chrome/44.0.2403.133 Mobile Safari/537.36
2016-11-16 17:15:12|Mozilla/5.0 (Linux; Android 6.0.1; SAMSUNG SM-G900F/XXS1CPJA Build/MMB29M) AppleWebKit/537.36 (KHTML, like Gecko) SamsungBrowser/4.0 Chrome/44.0.2403.133 Mobile Safari/537.36
2016-11-22 11:27:12|Mozilla/5.0 (Windows NT 6.1; WOW64; rv:50.0) Gecko/20100101 Firefox/50.0
2017-1-16 19:37:50|Mozilla/5.0 (compatible; MSIE 10.0; Windows Phone 8.0; Trident/6.0; IEMobile/10.0; ARM; Touch; Microsoft; Lumia 640 LTE)
2017-1-31 10:44:59|Mozilla/5.0 (Linux; Android 6.0.1; E5823 Build/32.2.A.0.305) AppleWebKit/537.36 (KHTML, like Gecko) Chrome/55.0.2883.91 Mobile Safari/537.36
2017-2-26 20:7:41|Mozilla/5.0 (X11; Linux x86_64; rv:51.0) Gecko/20100101 Firefox/51.0
2017-2-28 19:9:7|Mozilla/5.0 (X11; Linux x86_64; rv:51.0) Gecko/20100101 Firefox/51.0
2017-3-1 14:24:38|Mozilla/5.0 (iPhone; CPU iPhone OS 10_2_1 like Mac OS X) AppleWebKit/602.4.6 (KHTML, like Gecko) Version/10.0 Mobile/14D27 Safari/602.1
2017-3-19 0:21:47|Mozilla/5.0 (Linux; Android 6.0.1; SM-G935F Build/MMB29K) AppleWebKit/537.36 (KHTML, like Gecko) Chrome/56.0.2924.87 Mobile Safari/537.36
2017-3-19 0:21:54|Mozilla/5.0 (Linux; Android 6.0.1; SM-G935F Build/MMB29K) AppleWebKit/537.36 (KHTML, like Gecko) Chrome/56.0.2924.87 Mobile Safari/537.36
2017-4-4 10:12:24|Mozilla/5.0 (Linux; Android 6.0.1; SM-G389F Build/MMB29K) AppleWebKit/537.36 (KHTML, like Gecko) Chrome/56.0.2924.87 Mobile Safari/537.36
2017-4-8 6:27:13|Mozilla/5.0 (Linux; Android 6.0.1; Nexus 5X Build/MMB29P) AppleWebKit/537.36 (KHTML, like Gecko) Chrome/41.0.2272.96 Mobile Safari/537.36 (compatible; Googlebot/2.1; +http://www.google.com/bot.html)
2017-4-11 15:41:18|Mozilla/5.0 (Linux; Android 6.0; PLK-L01 Build/HONORPLK-L01) AppleWebKit/537.36 (KHTML, like Gecko) Chrome/57.0.2987.132 Mobile Safari/537.36
2017-4-14 7:1:33|Mozilla/5.0 (compatible; Googlebot/2.1; +http://www.google.com/bot.html)
2017-5-16 10:48:33|Mozilla/5.0 (Linux; Android 7.0; SM-G935F Build/NRD90M) AppleWebKit/537.36 (KHTML, like Gecko) Chrome/58.0.3029.83 Mobile Safari/537.36
2017-5-19 11:46:41|Mozilla/5.0 (Linux; Android 4.4.2; HTC Desire 626G dual sim Build/KOT49H) AppleWebKit/537.36 (KHTML, like Gecko) Chrome/58.0.3029.83 Mobile Safari/537.36
2017-5-22 20:12:48|Mozilla/5.0 (Linux; Android 7.0; FRD-L09 Build/HUAWEIFRD-L09) AppleWebKit/537.36 (KHTML, like Gecko) Chrome/58.0.3029.83 Mobile Safari/537.36
2017-5-24 7:7:29|Mozilla/5.0 (Linux; Android 6.0.1; SM-G900F Build/MMB29M; wv) AppleWebKit/537.36 (KHTML, like Gecko) Version/4.0 Chrome/58.0.3029.83 Mobile Safari/537.36 [FB_IAB/MESSENGER;FBAV/118.0.0.19.82;]
2017-5-24 7:7:30|Mozilla/5.0 (Linux; Android 6.0.1; SM-G900F Build/MMB29M) AppleWebKit/537.36 (KHTML, like Gecko) Chrome/58.0.3029.83 Mobile Safari/537.36
2017-5-29 19:25:13|Mozilla/5.0 (iPad; CPU OS 9_3_5 like Mac OS X) AppleWebKit/601.1.46 (KHTML, like Gecko) Version/9.0 Mobile/13G36 Safari/601.1
2017-6-12 9:39:51|Mozilla/5.0 (Linux; Android 7.0; SAMSUNG SM-G920F Build/NRD90M) AppleWebKit/537.36 (KHTML, like Gecko) SamsungBrowser/5.4 Chrome/51.0.2704.106 Mobile Safari/537.36
2017-6-12 9:39:52|Mozilla/5.0 (Linux; Android 7.0; SAMSUNG SM-G920F Build/NRD90M) AppleWebKit/537.36 (KHTML, like Gecko) SamsungBrowser/5.4 Chrome/51.0.2704.106 Mobile Safari/537.36
2017-6-24 8:27:34|Mozilla/5.0 (Linux; U; Android 4.4.2; de-de; HTC One mini Build/KOT49H) AppleWebKit/534.30 (KHTML, like Gecko) Version/4.0 Mobile Safari/534.30
2017-6-24 8:27:37|Mozilla/5.0 (Linux; U; Android 4.4.2; de-de; HTC One mini Build/KOT49H) AppleWebKit/534.30 (KHTML, like Gecko) Version/4.0 Mobile Safari/534.30
2017-7-1 11:44:44|Mozilla/5.0 (iPhone; CPU iPhone OS 9_3_5 like Mac OS X) AppleWebKit/601.1.46 (KHTML, like Gecko) Version/9.0 Mobile/13G36 Safari/601.1
2017-7-4 10:38:17|Mozilla/5.0 (Linux; Android 6.0.1; SM-G925F Build/MMB29K) AppleWebKit/537.36 (KHTML, like Gecko) Chrome/59.0.3071.125 Mobile Safari/537.36
2017-7-4 22:47:19|Mozilla/5.0 (Linux; U; Android 4.2.2; de-de; HUAWEI Y330-U01 Build/HuaweiY330-U01) AppleWebKit/534.30 (KHTML, like Gecko) Version/4.0 Mobile Safari/534.30
2017-7-4 22:47:29|Mozilla/5.0 (Linux; U; Android 4.2.2; de-de; HUAWEI Y330-U01 Build/HuaweiY330-U01) AppleWebKit/534.30 (KHTML, like Gecko) Version/4.0 Mobile Safari/534.30
2017-7-12 17:0:26|Mozilla/5.0 (iPhone; CPU iPhone OS 10_3_2 like Mac OS X) AppleWebKit/603.1.30 (KHTML, like Gecko) CriOS/59.0.3071.102 Mobile/14F89 Safari/602.1
2017-7-12 17:0:27|Mozilla/5.0 (iPhone; CPU iPhone OS 10_3_2 like Mac OS X) AppleWebKit/603.1.30 (KHTML, like Gecko) CriOS/59.0.3071.102 Mobile/14F89 Safari/602.1
2017-7-20 20:54:46|Mozilla/5.0 (Linux; Android 7.0; SM-G935F Build/NRD90M) AppleWebKit/537.36 (KHTML, like Gecko) Chrome/59.0.3071.125 Mobile Safari/537.36
2017-7-21 5:27:0|Mozilla/5.0 (Linux; Android 6.0.1; SAMSUNG SM-A520F Build/MMB29K) AppleWebKit/537.36 (KHTML, like Gecko) SamsungBrowser/5.4 Chrome/51.0.2704.106 Mobile Safari/537.36
2017-7-21 5:27:0|Mozilla/5.0 (Linux; Android 6.0.1; SAMSUNG SM-A520F Build/MMB29K) AppleWebKit/537.36 (KHTML, like Gecko) SamsungBrowser/5.4 Chrome/51.0.2704.106 Mobile Safari/537.36
2017-7-21 7:27:39|Mozilla/5.0 (iPhone; CPU iPhone OS 10_3_1 like Mac OS X) AppleWebKit/603.1.30 (KHTML, like Gecko) Version/10.0 Mobile/14E304 Safari/602.1
2017-7-21 15:56:47|Mozilla/5.0 (iPhone; CPU iPhone OS 10_3_2 like Mac OS X) AppleWebKit/603.2.4 (KHTML, like Gecko) Version/10.0 Mobile/14F89 Safari/602.1
2017-7-22 11:0:8|Mozilla/5.0 (iPhone; CPU iPhone OS 10_3_2 like Mac OS X) AppleWebKit/603.2.4 (KHTML, like Gecko) Version/10.0 Mobile/14F89 Safari/602.1
2017-7-24 5:6:7|Mozilla/5.0 (Linux; Android 7.0; SM-G925F Build/NRD90M) AppleWebKit/537.36 (KHTML, like Gecko) Chrome/59.0.3071.125 Mobile Safari/537.36
2017-7-24 8:20:15|Mozilla/5.0 (Linux; Android 6.0; F3111 Build/33.2.A.4.70) AppleWebKit/537.36 (KHTML, like Gecko) Chrome/59.0.3071.125 Mobile Safari/537.36
2017-8-1 17:24:6|Mozilla/5.0 (Linux; U; Android 4.3; de-at; GT-I9300 Build/JSS15J) AppleWebKit/534.30 (KHTML, like Gecko) Version/4.0 Mobile Safari/534.30
2017-8-1 17:24:6|Mozilla/5.0 (Linux; U; Android 4.3; de-at; GT-I9300 Build/JSS15J) AppleWebKit/534.30 (KHTML, like Gecko) Version/4.0 Mobile Safari/534.30
2017-8-7 4:57:23|Mozilla/5.0 (Linux; Android 7.0; SM-G935F Build/NRD90M) AppleWebKit/537.36 (KHTML, like Gecko) Chrome/59.0.3071.125 Mobile Safari/537.36
2017-8-7 11:20:38|Mozilla/5.0 (Linux; Android 7.0; SAMSUNG SM-G935F/G935FXXU1DQEI Build/NRD90M) AppleWebKit/537.36 (KHTML, like Gecko) SamsungBrowser/5.4 Chrome/51.0.2704.106 Mobile Safari/537.36
2017-8-7 11:20:39|Mozilla/5.0 (Linux; Android 7.0; SAMSUNG SM-G935F/G935FXXU1DQEI Build/NRD90M) AppleWebKit/537.36 (KHTML, like Gecko) SamsungBrowser/5.4 Chrome/51.0.2704.106 Mobile Safari/537.36
2017-8-7 15:46:55|Mozilla/5.0 (Linux; Android 6.0; ALE-L21 Build/HuaweiALE-L21) AppleWebKit/537.36 (KHTML, like Gecko) Chrome/59.0.3071.125 Mobile Safari/537.36
2017-8-14 17:31:19|Mozilla/5.0 (Linux; Android 7.0; PRA-LX1 Build/HUAWEIPRA-LX1) AppleWebKit/537.36 (KHTML, like Gecko) Chrome/59.0.3071.125 Mobile Safari/537.36
2017-8-17 10:0:26|Mozilla/5.0 (iPhone; CPU iPhone OS 10_3_3 like Mac OS X) AppleWebKit/603.3.8 (KHTML, like Gecko) Version/10.0 Mobile/14G60 Safari/602.1
2017-8-17 19:55:11|Mozilla/5.0 (iPhone; CPU iPhone OS 10_3_3 like Mac OS X) AppleWebKit/603.3.8 (KHTML, like Gecko) Version/10.0 Mobile/14G60 Safari/602.1
2017-8-17 19:55:15|Mozilla/5.0 (iPhone; CPU iPhone OS 10_3_3 like Mac OS X) AppleWebKit/603.3.8 (KHTML, like Gecko) Version/10.0 Mobile/14G60 Safari/602.1
2017-8-22 18:51:10|Mozilla/5.0 (Linux; Android 7.0; LG-H840 Build/NRD90U) AppleWebKit/537.36 (KHTML, like Gecko) Chrome/59.0.3071.125 Mobile Safari/537.36
2017-9-1 12:3:36|Mozilla/5.0 (Windows NT 10.0; Win64; x64; rv:54.0) Gecko/20100101 Firefox/54.0
